-------------------------------------------------------------------------------
Test set: com.iiht.stock.CorsInterceptorTest
-------------------------------------------------------------------------------
Tests run: 1, Failures: 1, Errors: 0, Skipped: 0, Time elapsed: 0.004 sec <<< FAILURE! - in com.iiht.stock.CorsInterceptorTest
test(com.iiht.stock.CorsInterceptorTest)  Time elapsed: 0.004 sec  <<< FAILURE!
java.lang.AssertionError: Not yet implemented
	at org.junit.Assert.fail(Assert.java:88)
	at com.iiht.stock.CorsInterceptorTest.test(CorsInterceptorTest.java:11)

